<?xml version="1.0" encoding="UTF-8"?>
<!-- Generated by org.testng.reporters.JUnitXMLReporter -->
<testsuite hostname="Shankar" name="ITestNG_demo_tests_2" tests="5" failures="0" timestamp="17 Apr 2014 01:20:48 GMT" time="0.035" errors="0">
  <testcase name="TestNG_ITNG_M1" time="0.012" classname="com.tests.TestNG_ITNG"/>
  <testcase name="TestNG_ITNG_M3" time="0.001" classname="com.tests.TestNG_ITNG"/>
  <testcase name="TestNG_ITNG_M7" time="0.001" classname="com.tests.TestNG_ITNG">
    <skipped/>
  </testcase> <!-- TestNG_ITNG_M7 -->
  <testcase name="TestNG_ITNG_M2" time="0.001" classname="com.tests.TestNG_ITNG"/>
  <testcase name="TestNG_ITNG_M4" time="0.001" classname="com.tests.TestNG_ITNG"/>
</testsuite> <!-- ITestNG_demo_tests_2 -->
