<?xml version="1.0" encoding="UTF-8"?>
<testng-results skipped="0" failed="0" total="1" passed="1">
  <reporter-output>
  </reporter-output>
  <suite name="ITestNG_Report" duration-ms="25" started-at="2014-04-22T16:46:27Z" finished-at="2014-04-22T16:46:27Z">
    <groups>
    </groups>
    <test name="ITestNG_Report_tests" duration-ms="25" started-at="2014-04-22T16:46:27Z" finished-at="2014-04-22T16:46:27Z">
      <class name="com.tests.TestNG_IReport">
        <test-method status="PASS" signature="TestNG_IReport_m1()[pri:0, instance:com.tests.TestNG_IReport@28bf1775]" name="TestNG_IReport_m1" duration-ms="11" started-at="2014-04-22T22:16:27Z" finished-at="2014-04-22T22:16:27Z">
          <reporter-output>
          </reporter-output>
        </test-method> <!-- TestNG_IReport_m1 -->
      </class> <!-- com.tests.TestNG_IReport -->
    </test> <!-- ITestNG_Report_tests -->
  </suite> <!-- ITestNG_Report -->
</testng-results>
