<?xml version="1.0" encoding="UTF-8"?>
<!-- Generated by org.testng.reporters.JUnitXMLReporter -->
<testsuite hostname="Shankar" name="Default test" tests="4" failures="0" timestamp="17 Apr 2014 00:55:14 GMT" time="0.044" errors="0">
  <testcase name="TestNG_ITNG_M1" time="0.007" classname="com.tests.TestNG_ITNG"/>
  <testcase name="TestNG_ITNG_M3" time="0.001" classname="com.tests.TestNG_ITNG"/>
  <testcase name="TestNG_ITNG_M2" time="0.0" classname="com.tests.TestNG_ITNG"/>
  <testcase name="TestNG_ITNG_M4" time="0.001" classname="com.tests.TestNG_ITNG"/>
</testsuite> <!-- Default test -->
