<?xml version="1.0" encoding="UTF-8"?>
<!-- Generated by org.testng.reporters.JUnitXMLReporter -->
<testsuite hostname="Shankar" name="ISuite_demo_tests" tests="9" failures="1" timestamp="16 Apr 2014 03:24:01 GMT" time="0.054" errors="0">
  <testcase name="act_base_Test" time="0.01" classname="com.tests.TestNG_ISuite"/>
  <testcase name="base_test" time="0.0" classname="com.tests.TestNG_ISuite"/>
  <testcase name="TestNG_ISuite_M1" time="0.003" classname="com.tests.TestNG_ISuite"/>
  <testcase name="TestNG_ISuite_M2" time="0.0" classname="com.tests.TestNG_ISuite"/>
  <testcase name="TestNG_ISuite_M3" time="0.0" classname="com.tests.TestNG_ISuite"/>
  <testcase name="TestNG_ISuite_M4" time="0.001" classname="com.tests.TestNG_ISuite"/>
  <testcase name="TestNG_ISuite_M4" time="0.001" classname="com.tests.TestNG_ISuite"/>
  <testcase name="TestNG_ISuite_M4" time="0.006" classname="com.tests.TestNG_ISuite">
    <failure type="org.testng.TestNGException" message="
The data provider is trying to pass 3 parameters but the method com.tests.TestNG_ISuite#TestNG_ISuite_M4 takes 2">
      <![CDATA[org.testng.TestNGException: 
The data provider is trying to pass 3 parameters but the method com.tests.TestNG_ISuite#TestNG_ISuite_M4 takes 2
... Removed 18 stack frames]]>
    </failure>
  </testcase> <!-- TestNG_ISuite_M4 -->
  <testcase name="TestNG_ISuite_M6" time="0.001" classname="com.tests.TestNG_ISuite"/>
</testsuite> <!-- ISuite_demo_tests -->
